> Total time: 36.124127 s
--------------------------------------------------------------------------------------
| FILE                : FUNCTION                    : LINE   : TIME   : %     : #    |
--------------------------------------------------------------------------------------
| main                : ?                           :    32  : 15.1718: 42.0  :    1 |
| main                : ?                           :    21  : 12.0052: 33.2  :    1 |
| ./guacyra           : Anon                        :   452  : 11.5476: 32.0  : 22407|
| ./guacyra           : match                       :   615  : 11.0710: 30.6  : 3227 |
| ./guacyra           : isAtom                      :   177  : 8.6100 : 23.8  : 478734|
| ./guacyra           : ?                           :   785  : 7.8702 : 21.8  : 2828 |
| ./guacyra           : matchR                      :   561  : 5.0898 : 14.1  : 10398|
| main                : ?                           :    45  : 5.0783 : 14.1  :    1 |
| ./guacyra           : isNumeric                   :   439  : 4.5295 : 12.5  : 49061|
| ./guacyra           : reduce1                     :   835  : 4.2389 : 11.7  :  260 |
| ./guacyra           : groupWith                   :   842  : 4.1435 : 11.5  :  246 |
| ./guacyra           : a                           :   845  : 4.1217 : 11.4  :  416 |
| main                : ?                           :    10  : 3.8672 : 10.7  :    1 |
| ./guacyra           : numericValue                :   443  : 3.8481 : 10.7  : 44462|
| ./guacyra           : isAtomHead                  :   171  : 2.8008 : 7.8   : 7938 |
| ./guacyra           : Integer                     :   242  : 1.3633 : 3.8   : 2958 |
| ./guacyra           : isSymbol                    :   186  : 1.2149 : 3.4   : 9157 |
| ./guacyra           : Rational                    :   242  : 1.1260 : 3.1   : 2010 |
| ./guacyra           : Sequence                    :   242  : 0.8468 : 2.3   :  607 |
| ./guacyra           : Times                       :   242  : 0.7874 : 2.2   :  496 |
| ./guacyra           : String                      :   242  : 0.7871 : 2.2   :  767 |
| ./guacyra           : head                        :   242  : 0.7094 : 2.0   :  501 |
| ./guacyra           : _                           :   242  : 0.6744 : 1.9   :  398 |
| ./guacyra           : __                          :   242  : 0.6516 : 1.8   :  369 |
| ./guacyra           : isObject                    :   167  : 0.6165 : 1.7   : 12277|
| ./guacyra           : eval                        :   724  : 0.5469 : 1.5   : 3577 |
| ./guacyra           : Power                       :   242  : 0.3831 : 1.1   :  182 |
| ./guacyra           : List                        :   242  : 0.3475 : 1.0   :  253 |
| ./guacyra           : isInteger                   :    11  : 0.3260 : 0.9   : 4020 |
| ./guacyra           : conv                        :   225  : 0.3213 : 0.9   : 1430 |
| ./guacyra           : isFunction                  :   191  : 0.1787 : 0.5   :  872 |
| ./guacyra           : equalR                      :   396  : 0.1549 : 0.4   : 231898|
| ./guacyra           : Plus                        :   242  : 0.1358 : 0.4   :  106 |
| ./guacyra           : gcd                         :     6  : 0.1007 : 0.3   : 2010 |
| ./guacyra           : copy                        :   382  : 0.0861 : 0.2   :  648 |
| ./guacyra           : lhead                       :   216  : 0.0809 : 0.2   : 6474 |
| ./guacyra           : Expand                      :   242  : 0.0739 : 0.2   :   50 |
| ./guacyra           : b                           :  1141  : 0.0646 : 0.2   :    3 |
| ./guacyra           : a                           :  1052  : 0.0547 : 0.2   :   14 |
| ./guacyra           : a                           :  1101  : 0.0472 : 0.1   :   10 |
| ./guacyra           : Anon                        :   325  : 0.0336 : 0.1   :    5 |
| ./guacyra           : map                         :   822  : 0.0261 : 0.1   :   26 |
| ./guacyra           : tostr                       :   325  : 0.0183 : 0.1   :   44 |
| ./guacyra           : Sqrt                        :   242  : 0.0173 : 0.0   :    6 |
| ./guacyra           : reduce                      :   828  : 0.0151 : 0.0   :   25 |
| ./guacyra           : root                        :  1195  : 0.0069 : 0.0   :   49 |
| ./guacyra           : factorization               :   118  : 0.0050 : 0.0   :   49 |
| ./guacyra           : factorize                   :   102  : 0.0030 : 0.0   :  110 |
| ./guacyra           : a                           :  1154  : 0.0024 : 0.0   :    1 |
| ./guacyra           : Symbols                     :   798  : 0.0006 : 0.0   :    1 |
| ./guacyra           : a                           :  1054  : 0.0004 : 0.0   :   23 |
| ./guacyra           : binomial                    :    13  : 0.0003 : 0.0   :    6 |
| ./guacyra           : a                           :  1103  : 0.0003 : 0.0   :   19 |
| ./guacyra           : test                        :   314  : 0.0003 : 0.0   :    2 |
| ./guacyra           : Symbol                      :   242  : 0.0001 : 0.0   :    1 |
--------------------------------------------------------------------------------------
| ./guacyra           : a                           :  1160  : ~      : ~     :    2 |
| ./guacyra           : less                        :   452  : ~      : ~     :  834 |
| ./guacyra           : fu                          :  1246  : ~      : ~     :    6 |
| ./guacyra           : fu                          :  1194  : ~      : ~     :   49 |
| ./guacyra           : fu                          :  1014  : ~      : ~     :   48 |
| ./guacyra           : equal                       :   410  : ~      : ~     : 9190 |
| ./guacyra           : Anon                        :   947  : ~      : ~     :    5 |
| ./guacyra           : nplus                       :   966  : ~      : ~     : 2022 |
| ./guacyra           : Anon                        :   952  : ~      : ~     :    8 |
| ./guacyra           : Anon                        :   948  : ~      : ~     :    2 |
| ./guacyra           : fu                          :  1272  : ~      : ~     :    2 |
| ./guacyra           : Anon                        :   410  : ~      : ~     : 221149|
| ./guacyra           : a                           :   981  : ~      : ~     :    1 |
| ./guacyra           : fu                          :  1174  : ~      : ~     :    1 |
| ./guacyra           : Boolean                     :   242  : ~      : ~     :    2 |
| ./guacyra           : fu                          :  1233  : ~      : ~     :    2 |
| ./guacyra           : evalR                       :   659  : ~      : ~     :  501 |
| ./guacyra           : ?                           :   955  : ~      : ~     :    2 |
| ./guacyra           : fu                          :  1178  : ~      : ~     :    1 |
| ./guacyra           : b                           :  1039  : ~      : ~     :  155 |
| ./guacyra           : a                           :   966  : ~      : ~     :   18 |
| ./guacyra           : fu                          :  1068  : ~      : ~     :  110 |
| ./guacyra           : fu                          :  1249  : ~      : ~     :   16 |
| ./profiler          : stop                        :   225  : ~      : ~     :    1 |
| ./guacyra           : fu                          :  1008  : ~      : ~     :    1 |
| ./guacyra           : fu                          :  1121  : ~      : ~     :   95 |
| ./guacyra           : fu                          :  1172  : ~      : ~     :    5 |
| ./guacyra           : fu                          :  1176  : ~      : ~     :    7 |
| ./guacyra           : b                           :  1088  : ~      : ~     :   12 |
| ./guacyra           : Anon                        :   950  : ~      : ~     :    6 |
| ./guacyra           : apply                       :   817  : ~      : ~     :    1 |
| ./guacyra           : fu                          :  1002  : ~      : ~     :   16 |
| ./guacyra           : fu                          :  1004  : ~      : ~     :   11 |
| ./guacyra           : ntimes                      :   981  : ~      : ~     :  198 |
| ./guacyra           : a                           :  1010  : ~      : ~     :   10 |
| ./guacyra           : fu                          :   965  : ~      : ~     :    6 |
| ./guacyra           : fu                          :  1281  : ~      : ~     :   11 |
| ./guacyra           : fu                          :  1289  : ~      : ~     :   21 |
--------------------------------------------------------------------------------------
